<?xml version="1.0" encoding="UTF-8"?>
<testsuite xmlns:xsi="http://www.w3.org/2001/XMLSchema-instance" xsi:noNamespaceSchemaLocation="https://maven.apache.org/surefire/maven-surefire-plugin/xsd/surefire-test-report.xsd" name="com.cs5850.programming.Assignment1.DropboxApp.AWSS3ServiceTest" time="1.462" tests="12" errors="0" skipped="0" failures="0">
  <properties>
    <property name="gopherProxySet" value="false"/>
    <property name="awt.toolkit" value="sun.lwawt.macosx.LWCToolkit"/>
    <property name="file.encoding.pkg" value="sun.io"/>
    <property name="java.specification.version" value="1.8"/>
    <property name="sun.cpu.isalist" value=""/>
    <property name="sun.jnu.encoding" value="UTF-8"/>
    <property name="java.class.path" value="/Users/johnwang/.m2/repository/org/apache/maven/surefire/surefire-booter/2.22.1/surefire-booter-2.22.1.jar:/Users/johnwang/.m2/repository/org/apache/maven/surefire/surefire-api/2.22.1/surefire-api-2.22.1.jar:/Users/johnwang/.m2/repository/org/apache/maven/surefire/surefire-logger-api/2.22.1/surefire-logger-api-2.22.1.jar:/Users/johnwang/Documents/workspace/DropboxApp/target/test-classes:/Users/johnwang/Documents/workspace/DropboxApp/target/generated-classes/cobertura:/Users/johnwang/.m2/repository/org/mockito/mockito-core/2.23.4/mockito-core-2.23.4.jar:/Users/johnwang/.m2/repository/net/bytebuddy/byte-buddy/1.9.3/byte-buddy-1.9.3.jar:/Users/johnwang/.m2/repository/net/bytebuddy/byte-buddy-agent/1.9.3/byte-buddy-agent-1.9.3.jar:/Users/johnwang/.m2/repository/org/objenesis/objenesis/2.6/objenesis-2.6.jar:/Users/johnwang/.m2/repository/junit/junit/4.12/junit-4.12.jar:/Users/johnwang/.m2/repository/org/hamcrest/hamcrest-core/1.3/hamcrest-core-1.3.jar:/Users/johnwang/.m2/repository/com/amazonaws/aws-java-sdk/1.11.163/aws-java-sdk-1.11.163.jar:/Users/johnwang/.m2/repository/com/amazonaws/aws-java-sdk-dax/1.11.163/aws-java-sdk-dax-1.11.163.jar:/Users/johnwang/.m2/repository/com/amazonaws/jmespath-java/1.11.163/jmespath-java-1.11.163.jar:/Users/johnwang/.m2/repository/com/amazonaws/aws-java-sdk-greengrass/1.11.163/aws-java-sdk-greengrass-1.11.163.jar:/Users/johnwang/.m2/repository/com/amazonaws/aws-java-sdk-athena/1.11.163/aws-java-sdk-athena-1.11.163.jar:/Users/johnwang/.m2/repository/com/amazonaws/aws-java-sdk-marketplaceentitlement/1.11.163/aws-java-sdk-marketplaceentitlement-1.11.163.jar:/Users/johnwang/.m2/repository/com/amazonaws/aws-java-sdk-codestar/1.11.163/aws-java-sdk-codestar-1.11.163.jar:/Users/johnwang/.m2/repository/com/amazonaws/aws-java-sdk-lexmodelbuilding/1.11.163/aws-java-sdk-lexmodelbuilding-1.11.163.jar:/Users/johnwang/.m2/repository/com/amazonaws/aws-java-sdk-resourcegroupstaggingapi/1.11.163/aws-java-sdk-resourcegroupstaggingapi-1.11.163.jar:/Users/johnwang/.m2/repository/com/amazonaws/aws-java-sdk-pinpoint/1.11.163/aws-java-sdk-pinpoint-1.11.163.jar:/Users/johnwang/.m2/repository/com/amazonaws/aws-java-sdk-xray/1.11.163/aws-java-sdk-xray-1.11.163.jar:/Users/johnwang/.m2/repository/com/amazonaws/aws-java-sdk-opsworkscm/1.11.163/aws-java-sdk-opsworkscm-1.11.163.jar:/Users/johnwang/.m2/repository/com/amazonaws/aws-java-sdk-support/1.11.163/aws-java-sdk-support-1.11.163.jar:/Users/johnwang/.m2/repository/com/amazonaws/aws-java-sdk-simpledb/1.11.163/aws-java-sdk-simpledb-1.11.163.jar:/Users/johnwang/.m2/repository/com/amazonaws/aws-java-sdk-servicecatalog/1.11.163/aws-java-sdk-servicecatalog-1.11.163.jar:/Users/johnwang/.m2/repository/com/amazonaws/aws-java-sdk-servermigration/1.11.163/aws-java-sdk-servermigration-1.11.163.jar:/Users/johnwang/.m2/repository/com/amazonaws/aws-java-sdk-simpleworkflow/1.11.163/aws-java-sdk-simpleworkflow-1.11.163.jar:/Users/johnwang/.m2/repository/com/amazonaws/aws-java-sdk-storagegateway/1.11.163/aws-java-sdk-storagegateway-1.11.163.jar:/Users/johnwang/.m2/repository/com/amazonaws/aws-java-sdk-route53/1.11.163/aws-java-sdk-route53-1.11.163.jar:/Users/johnwang/.m2/repository/com/amazonaws/aws-java-sdk-s3/1.11.163/aws-java-sdk-s3-1.11.163.jar:/Users/johnwang/.m2/repository/com/amazonaws/aws-java-sdk-importexport/1.11.163/aws-java-sdk-importexport-1.11.163.jar:/Users/johnwang/.m2/repository/com/amazonaws/aws-java-sdk-sts/1.11.163/aws-java-sdk-sts-1.11.163.jar:/Users/johnwang/.m2/repository/com/amazonaws/aws-java-sdk-sqs/1.11.163/aws-java-sdk-sqs-1.11.163.jar:/Users/johnwang/.m2/repository/com/amazonaws/aws-java-sdk-rds/1.11.163/aws-java-sdk-rds-1.11.163.jar:/Users/johnwang/.m2/repository/com/amazonaws/aws-java-sdk-redshift/1.11.163/aws-java-sdk-redshift-1.11.163.jar:/Users/johnwang/.m2/repository/com/amazonaws/aws-java-sdk-elasticbeanstalk/1.11.163/aws-java-sdk-elasticbeanstalk-1.11.163.jar:/Users/johnwang/.m2/repository/com/amazonaws/aws-java-sdk-glacier/1.11.163/aws-java-sdk-glacier-1.11.163.jar:/Users/johnwang/.m2/repository/com/amazonaws/aws-java-sdk-iam/1.11.163/aws-java-sdk-iam-1.11.163.jar:/Users/johnwang/.m2/repository/com/amazonaws/aws-java-sdk-datapipeline/1.11.163/aws-java-sdk-datapipeline-1.11.163.jar:/Users/johnwang/.m2/repository/com/amazonaws/aws-java-sdk-elasticloadbalancing/1.11.163/aws-java-sdk-elasticloadbalancing-1.11.163.jar:/Users/johnwang/.m2/repository/com/amazonaws/aws-java-sdk-elasticloadbalancingv2/1.11.163/aws-java-sdk-elasticloadbalancingv2-1.11.163.jar:/Users/johnwang/.m2/repository/com/amazonaws/aws-java-sdk-emr/1.11.163/aws-java-sdk-emr-1.11.163.jar:/Users/johnwang/.m2/repository/com/amazonaws/aws-java-sdk-elasticache/1.11.163/aws-java-sdk-elasticache-1.11.163.jar:/Users/johnwang/.m2/repository/com/amazonaws/aws-java-sdk-elastictranscoder/1.11.163/aws-java-sdk-elastictranscoder-1.11.163.jar:/Users/johnwang/.m2/repository/com/amazonaws/aws-java-sdk-ec2/1.11.163/aws-java-sdk-ec2-1.11.163.jar:/Users/johnwang/.m2/repository/com/amazonaws/aws-java-sdk-dynamodb/1.11.163/aws-java-sdk-dynamodb-1.11.163.jar:/Users/johnwang/.m2/repository/com/amazonaws/aws-java-sdk-sns/1.11.163/aws-java-sdk-sns-1.11.163.jar:/Users/johnwang/.m2/repository/com/amazonaws/aws-java-sdk-budgets/1.11.163/aws-java-sdk-budgets-1.11.163.jar:/Users/johnwang/.m2/repository/com/amazonaws/aws-java-sdk-cloudtrail/1.11.163/aws-java-sdk-cloudtrail-1.11.163.jar:/Users/johnwang/.m2/repository/com/amazonaws/aws-java-sdk-cloudwatch/1.11.163/aws-java-sdk-cloudwatch-1.11.163.jar:/Users/johnwang/.m2/repository/com/amazonaws/aws-java-sdk-logs/1.11.163/aws-java-sdk-logs-1.11.163.jar:/Users/johnwang/.m2/repository/com/amazonaws/aws-java-sdk-events/1.11.163/aws-java-sdk-events-1.11.163.jar:/Users/johnwang/.m2/repository/com/amazonaws/aws-java-sdk-cognitoidentity/1.11.163/aws-java-sdk-cognitoidentity-1.11.163.jar:/Users/johnwang/.m2/repository/com/amazonaws/aws-java-sdk-cognitosync/1.11.163/aws-java-sdk-cognitosync-1.11.163.jar:/Users/johnwang/.m2/repository/com/amazonaws/aws-java-sdk-directconnect/1.11.163/aws-java-sdk-directconnect-1.11.163.jar:/Users/johnwang/.m2/repository/com/amazonaws/aws-java-sdk-cloudformation/1.11.163/aws-java-sdk-cloudformation-1.11.163.jar:/Users/johnwang/.m2/repository/com/amazonaws/aws-java-sdk-cloudfront/1.11.163/aws-java-sdk-cloudfront-1.11.163.jar:/Users/johnwang/.m2/repository/com/amazonaws/aws-java-sdk-clouddirectory/1.11.163/aws-java-sdk-clouddirectory-1.11.163.jar:/Users/johnwang/.m2/repository/com/amazonaws/aws-java-sdk-kinesis/1.11.163/aws-java-sdk-kinesis-1.11.163.jar:/Users/johnwang/.m2/repository/com/amazonaws/aws-java-sdk-opsworks/1.11.163/aws-java-sdk-opsworks-1.11.163.jar:/Users/johnwang/.m2/repository/com/amazonaws/aws-java-sdk-ses/1.11.163/aws-java-sdk-ses-1.11.163.jar:/Users/johnwang/.m2/repository/com/amazonaws/aws-java-sdk-autoscaling/1.11.163/aws-java-sdk-autoscaling-1.11.163.jar:/Users/johnwang/.m2/repository/com/amazonaws/aws-java-sdk-cloudsearch/1.11.163/aws-java-sdk-cloudsearch-1.11.163.jar:/Users/johnwang/.m2/repository/com/amazonaws/aws-java-sdk-cloudwatchmetrics/1.11.163/aws-java-sdk-cloudwatchmetrics-1.11.163.jar:/Users/johnwang/.m2/repository/com/amazonaws/aws-java-sdk-codedeploy/1.11.163/aws-java-sdk-codedeploy-1.11.163.jar:/Users/johnwang/.m2/repository/com/amazonaws/aws-java-sdk-codepipeline/1.11.163/aws-java-sdk-codepipeline-1.11.163.jar:/Users/johnwang/.m2/repository/com/amazonaws/aws-java-sdk-kms/1.11.163/aws-java-sdk-kms-1.11.163.jar:/Users/johnwang/.m2/repository/com/amazonaws/aws-java-sdk-config/1.11.163/aws-java-sdk-config-1.11.163.jar:/Users/johnwang/.m2/repository/com/amazonaws/aws-java-sdk-lambda/1.11.163/aws-java-sdk-lambda-1.11.163.jar:/Users/johnwang/.m2/repository/com/amazonaws/aws-java-sdk-ecs/1.11.163/aws-java-sdk-ecs-1.11.163.jar:/Users/johnwang/.m2/repository/com/amazonaws/aws-java-sdk-ecr/1.11.163/aws-java-sdk-ecr-1.11.163.jar:/Users/johnwang/.m2/repository/com/amazonaws/aws-java-sdk-cloudhsm/1.11.163/aws-java-sdk-cloudhsm-1.11.163.jar:/Users/johnwang/.m2/repository/com/amazonaws/aws-java-sdk-ssm/1.11.163/aws-java-sdk-ssm-1.11.163.jar:/Users/johnwang/.m2/repository/com/amazonaws/aws-java-sdk-workspaces/1.11.163/aws-java-sdk-workspaces-1.11.163.jar:/Users/johnwang/.m2/repository/com/amazonaws/aws-java-sdk-machinelearning/1.11.163/aws-java-sdk-machinelearning-1.11.163.jar:/Users/johnwang/.m2/repository/com/amazonaws/aws-java-sdk-directory/1.11.163/aws-java-sdk-directory-1.11.163.jar:/Users/johnwang/.m2/repository/com/amazonaws/aws-java-sdk-efs/1.11.163/aws-java-sdk-efs-1.11.163.jar:/Users/johnwang/.m2/repository/com/amazonaws/aws-java-sdk-codecommit/1.11.163/aws-java-sdk-codecommit-1.11.163.jar:/Users/johnwang/.m2/repository/com/amazonaws/aws-java-sdk-devicefarm/1.11.163/aws-java-sdk-devicefarm-1.11.163.jar:/Users/johnwang/.m2/repository/com/amazonaws/aws-java-sdk-elasticsearch/1.11.163/aws-java-sdk-elasticsearch-1.11.163.jar:/Users/johnwang/.m2/repository/com/amazonaws/aws-java-sdk-waf/1.11.163/aws-java-sdk-waf-1.11.163.jar:/Users/johnwang/.m2/repository/com/amazonaws/aws-java-sdk-marketplacecommerceanalytics/1.11.163/aws-java-sdk-marketplacecommerceanalytics-1.11.163.jar:/Users/johnwang/.m2/repository/com/amazonaws/aws-java-sdk-inspector/1.11.163/aws-java-sdk-inspector-1.11.163.jar:/Users/johnwang/.m2/repository/com/amazonaws/aws-java-sdk-iot/1.11.163/aws-java-sdk-iot-1.11.163.jar:/Users/johnwang/.m2/repository/com/amazonaws/aws-java-sdk-api-gateway/1.11.163/aws-java-sdk-api-gateway-1.11.163.jar:/Users/johnwang/.m2/repository/com/amazonaws/aws-java-sdk-acm/1.11.163/aws-java-sdk-acm-1.11.163.jar:/Users/johnwang/.m2/repository/com/amazonaws/aws-java-sdk-gamelift/1.11.163/aws-java-sdk-gamelift-1.11.163.jar:/Users/johnwang/.m2/repository/com/amazonaws/aws-java-sdk-dms/1.11.163/aws-java-sdk-dms-1.11.163.jar:/Users/johnwang/.m2/repository/com/amazonaws/aws-java-sdk-marketplacemeteringservice/1.11.163/aws-java-sdk-marketplacemeteringservice-1.11.163.jar:/Users/johnwang/.m2/repository/com/amazonaws/aws-java-sdk-cognitoidp/1.11.163/aws-java-sdk-cognitoidp-1.11.163.jar:/Users/johnwang/.m2/repository/com/amazonaws/aws-java-sdk-discovery/1.11.163/aws-java-sdk-discovery-1.11.163.jar:/Users/johnwang/.m2/repository/com/amazonaws/aws-java-sdk-applicationautoscaling/1.11.163/aws-java-sdk-applicationautoscaling-1.11.163.jar:/Users/johnwang/.m2/repository/com/amazonaws/aws-java-sdk-snowball/1.11.163/aws-java-sdk-snowball-1.11.163.jar:/Users/johnwang/.m2/repository/com/amazonaws/aws-java-sdk-rekognition/1.11.163/aws-java-sdk-rekognition-1.11.163.jar:/Users/johnwang/.m2/repository/com/amazonaws/aws-java-sdk-polly/1.11.163/aws-java-sdk-polly-1.11.163.jar:/Users/johnwang/.m2/repository/com/amazonaws/aws-java-sdk-lightsail/1.11.163/aws-java-sdk-lightsail-1.11.163.jar:/Users/johnwang/.m2/repository/com/amazonaws/aws-java-sdk-stepfunctions/1.11.163/aws-java-sdk-stepfunctions-1.11.163.jar:/Users/johnwang/.m2/repository/com/amazonaws/aws-java-sdk-health/1.11.163/aws-java-sdk-health-1.11.163.jar:/Users/johnwang/.m2/repository/com/amazonaws/aws-java-sdk-costandusagereport/1.11.163/aws-java-sdk-costandusagereport-1.11.163.jar:/Users/johnwang/.m2/repository/com/amazonaws/aws-java-sdk-codebuild/1.11.163/aws-java-sdk-codebuild-1.11.163.jar:/Users/johnwang/.m2/repository/com/amazonaws/aws-java-sdk-appstream/1.11.163/aws-java-sdk-appstream-1.11.163.jar:/Users/johnwang/.m2/repository/com/amazonaws/aws-java-sdk-shield/1.11.163/aws-java-sdk-shield-1.11.163.jar:/Users/johnwang/.m2/repository/com/amazonaws/aws-java-sdk-batch/1.11.163/aws-java-sdk-batch-1.11.163.jar:/Users/johnwang/.m2/repository/com/amazonaws/aws-java-sdk-lex/1.11.163/aws-java-sdk-lex-1.11.163.jar:/Users/johnwang/.m2/repository/com/amazonaws/aws-java-sdk-mechanicalturkrequester/1.11.163/aws-java-sdk-mechanicalturkrequester-1.11.163.jar:/Users/johnwang/.m2/repository/com/amazonaws/aws-java-sdk-organizations/1.11.163/aws-java-sdk-organizations-1.11.163.jar:/Users/johnwang/.m2/repository/com/amazonaws/aws-java-sdk-workdocs/1.11.163/aws-java-sdk-workdocs-1.11.163.jar:/Users/johnwang/.m2/repository/com/amazonaws/aws-java-sdk-core/1.11.163/aws-java-sdk-core-1.11.163.jar:/Users/johnwang/.m2/repository/commons-logging/commons-logging/1.1.3/commons-logging-1.1.3.jar:/Users/johnwang/.m2/repository/org/apache/httpcomponents/httpclient/4.5.2/httpclient-4.5.2.jar:/Users/johnwang/.m2/repository/org/apache/httpcomponents/httpcore/4.4.4/httpcore-4.4.4.jar:/Users/johnwang/.m2/repository/commons-codec/commons-codec/1.9/commons-codec-1.9.jar:/Users/johnwang/.m2/repository/software/amazon/ion/ion-java/1.0.2/ion-java-1.0.2.jar:/Users/johnwang/.m2/repository/com/fasterxml/jackson/core/jackson-databind/2.6.7.1/jackson-databind-2.6.7.1.jar:/Users/johnwang/.m2/repository/com/fasterxml/jackson/core/jackson-annotations/2.6.0/jackson-annotations-2.6.0.jar:/Users/johnwang/.m2/repository/com/fasterxml/jackson/core/jackson-core/2.6.7/jackson-core-2.6.7.jar:/Users/johnwang/.m2/repository/com/fasterxml/jackson/dataformat/jackson-dataformat-cbor/2.6.7/jackson-dataformat-cbor-2.6.7.jar:/Users/johnwang/.m2/repository/joda-time/joda-time/2.8.1/joda-time-2.8.1.jar:/Users/johnwang/.m2/repository/com/amazonaws/aws-java-sdk-models/1.11.163/aws-java-sdk-models-1.11.163.jar:/Users/johnwang/.m2/repository/com/amazonaws/aws-java-sdk-swf-libraries/1.11.22/aws-java-sdk-swf-libraries-1.11.22.jar:/Users/johnwang/.m2/repository/commons-io/commons-io/2.5/commons-io-2.5.jar:/Users/johnwang/.m2/repository/net/sourceforge/cobertura/cobertura/2.0.3/cobertura-2.0.3.jar:/Users/johnwang/.m2/repository/org/ow2/asm/asm/4.1/asm-4.1.jar:/Users/johnwang/.m2/repository/org/ow2/asm/asm-tree/4.1/asm-tree-4.1.jar:/Users/johnwang/.m2/repository/org/ow2/asm/asm-commons/4.1/asm-commons-4.1.jar:/Users/johnwang/.m2/repository/org/ow2/asm/asm-util/4.1/asm-util-4.1.jar:/Users/johnwang/.m2/repository/org/ow2/asm/asm-analysis/4.1/asm-analysis-4.1.jar:/Users/johnwang/.m2/repository/jaxen/jaxen/1.1-beta-8/jaxen-1.1-beta-8.jar:/Users/johnwang/.m2/repository/dom4j/dom4j/1.6.1/dom4j-1.6.1.jar:/Users/johnwang/.m2/repository/xml-apis/xml-apis/1.0.b2/xml-apis-1.0.b2.jar:/Users/johnwang/.m2/repository/jdom/jdom/1.0/jdom-1.0.jar:/Users/johnwang/.m2/repository/xerces/xmlParserAPIs/2.6.2/xmlParserAPIs-2.6.2.jar:/Users/johnwang/.m2/repository/xerces/xercesImpl/2.6.2/xercesImpl-2.6.2.jar:/Users/johnwang/.m2/repository/xom/xom/1.0b3/xom-1.0b3.jar:/Users/johnwang/.m2/repository/com/ibm/icu/icu4j/2.6.1/icu4j-2.6.1.jar:/Users/johnwang/.m2/repository/xalan/xalan/2.6.0/xalan-2.6.0.jar:/Users/johnwang/.m2/repository/org/ccil/cowan/tagsoup/tagsoup/0.9.7/tagsoup-0.9.7.jar:/Users/johnwang/.m2/repository/org/apache/ant/ant/1.8.3/ant-1.8.3.jar:/Users/johnwang/.m2/repository/org/apache/ant/ant-launcher/1.8.3/ant-launcher-1.8.3.jar:/Users/johnwang/.m2/repository/org/mortbay/jetty/servlet-api-2.5/6.1.14/servlet-api-2.5-6.1.14.jar:/Users/johnwang/.m2/repository/org/mortbay/jetty/jetty/6.1.14/jetty-6.1.14.jar:/Users/johnwang/.m2/repository/org/mortbay/jetty/jetty-util/6.1.14/jetty-util-6.1.14.jar:/Users/johnwang/anaconda3/jre/../lib/tools.jar:/Users/johnwang/.m2/repository/org/apache/maven/surefire/surefire-junit4/2.22.1/surefire-junit4-2.22.1.jar"/>
    <property name="java.vm.vendor" value="Azul Systems, Inc."/>
    <property name="sun.arch.data.model" value="64"/>
    <property name="java.vendor.url" value="http://www.azulsystems.com/"/>
    <property name="user.timezone" value=""/>
    <property name="java.vm.specification.version" value="1.8"/>
    <property name="os.name" value="Mac OS X"/>
    <property name="user.country" value="US"/>
    <property name="sun.java.launcher" value="SUN_STANDARD"/>
    <property name="sun.boot.library.path" value="/Users/johnwang/anaconda3/jre/lib"/>
    <property name="sun.java.command" value="org.apache.maven.surefire.booter.ForkedBooter /Users/johnwang/Documents/workspace/DropboxApp/target/surefire 2019-02-28T04-41-07_710-jvmRun1 surefire6925985253900930825tmp surefire_18104419340031674930tmp"/>
    <property name="http.nonProxyHosts" value="local|*.local|169.254/16|*.169.254/16"/>
    <property name="surefire.test.class.path" value="/Users/johnwang/Documents/workspace/DropboxApp/target/test-classes:/Users/johnwang/Documents/workspace/DropboxApp/target/generated-classes/cobertura:/Users/johnwang/.m2/repository/org/mockito/mockito-core/2.23.4/mockito-core-2.23.4.jar:/Users/johnwang/.m2/repository/net/bytebuddy/byte-buddy/1.9.3/byte-buddy-1.9.3.jar:/Users/johnwang/.m2/repository/net/bytebuddy/byte-buddy-agent/1.9.3/byte-buddy-agent-1.9.3.jar:/Users/johnwang/.m2/repository/org/objenesis/objenesis/2.6/objenesis-2.6.jar:/Users/johnwang/.m2/repository/junit/junit/4.12/junit-4.12.jar:/Users/johnwang/.m2/repository/org/hamcrest/hamcrest-core/1.3/hamcrest-core-1.3.jar:/Users/johnwang/.m2/repository/com/amazonaws/aws-java-sdk/1.11.163/aws-java-sdk-1.11.163.jar:/Users/johnwang/.m2/repository/com/amazonaws/aws-java-sdk-dax/1.11.163/aws-java-sdk-dax-1.11.163.jar:/Users/johnwang/.m2/repository/com/amazonaws/jmespath-java/1.11.163/jmespath-java-1.11.163.jar:/Users/johnwang/.m2/repository/com/amazonaws/aws-java-sdk-greengrass/1.11.163/aws-java-sdk-greengrass-1.11.163.jar:/Users/johnwang/.m2/repository/com/amazonaws/aws-java-sdk-athena/1.11.163/aws-java-sdk-athena-1.11.163.jar:/Users/johnwang/.m2/repository/com/amazonaws/aws-java-sdk-marketplaceentitlement/1.11.163/aws-java-sdk-marketplaceentitlement-1.11.163.jar:/Users/johnwang/.m2/repository/com/amazonaws/aws-java-sdk-codestar/1.11.163/aws-java-sdk-codestar-1.11.163.jar:/Users/johnwang/.m2/repository/com/amazonaws/aws-java-sdk-lexmodelbuilding/1.11.163/aws-java-sdk-lexmodelbuilding-1.11.163.jar:/Users/johnwang/.m2/repository/com/amazonaws/aws-java-sdk-resourcegroupstaggingapi/1.11.163/aws-java-sdk-resourcegroupstaggingapi-1.11.163.jar:/Users/johnwang/.m2/repository/com/amazonaws/aws-java-sdk-pinpoint/1.11.163/aws-java-sdk-pinpoint-1.11.163.jar:/Users/johnwang/.m2/repository/com/amazonaws/aws-java-sdk-xray/1.11.163/aws-java-sdk-xray-1.11.163.jar:/Users/johnwang/.m2/repository/com/amazonaws/aws-java-sdk-opsworkscm/1.11.163/aws-java-sdk-opsworkscm-1.11.163.jar:/Users/johnwang/.m2/repository/com/amazonaws/aws-java-sdk-support/1.11.163/aws-java-sdk-support-1.11.163.jar:/Users/johnwang/.m2/repository/com/amazonaws/aws-java-sdk-simpledb/1.11.163/aws-java-sdk-simpledb-1.11.163.jar:/Users/johnwang/.m2/repository/com/amazonaws/aws-java-sdk-servicecatalog/1.11.163/aws-java-sdk-servicecatalog-1.11.163.jar:/Users/johnwang/.m2/repository/com/amazonaws/aws-java-sdk-servermigration/1.11.163/aws-java-sdk-servermigration-1.11.163.jar:/Users/johnwang/.m2/repository/com/amazonaws/aws-java-sdk-simpleworkflow/1.11.163/aws-java-sdk-simpleworkflow-1.11.163.jar:/Users/johnwang/.m2/repository/com/amazonaws/aws-java-sdk-storagegateway/1.11.163/aws-java-sdk-storagegateway-1.11.163.jar:/Users/johnwang/.m2/repository/com/amazonaws/aws-java-sdk-route53/1.11.163/aws-java-sdk-route53-1.11.163.jar:/Users/johnwang/.m2/repository/com/amazonaws/aws-java-sdk-s3/1.11.163/aws-java-sdk-s3-1.11.163.jar:/Users/johnwang/.m2/repository/com/amazonaws/aws-java-sdk-importexport/1.11.163/aws-java-sdk-importexport-1.11.163.jar:/Users/johnwang/.m2/repository/com/amazonaws/aws-java-sdk-sts/1.11.163/aws-java-sdk-sts-1.11.163.jar:/Users/johnwang/.m2/repository/com/amazonaws/aws-java-sdk-sqs/1.11.163/aws-java-sdk-sqs-1.11.163.jar:/Users/johnwang/.m2/repository/com/amazonaws/aws-java-sdk-rds/1.11.163/aws-java-sdk-rds-1.11.163.jar:/Users/johnwang/.m2/repository/com/amazonaws/aws-java-sdk-redshift/1.11.163/aws-java-sdk-redshift-1.11.163.jar:/Users/johnwang/.m2/repository/com/amazonaws/aws-java-sdk-elasticbeanstalk/1.11.163/aws-java-sdk-elasticbeanstalk-1.11.163.jar:/Users/johnwang/.m2/repository/com/amazonaws/aws-java-sdk-glacier/1.11.163/aws-java-sdk-glacier-1.11.163.jar:/Users/johnwang/.m2/repository/com/amazonaws/aws-java-sdk-iam/1.11.163/aws-java-sdk-iam-1.11.163.jar:/Users/johnwang/.m2/repository/com/amazonaws/aws-java-sdk-datapipeline/1.11.163/aws-java-sdk-datapipeline-1.11.163.jar:/Users/johnwang/.m2/repository/com/amazonaws/aws-java-sdk-elasticloadbalancing/1.11.163/aws-java-sdk-elasticloadbalancing-1.11.163.jar:/Users/johnwang/.m2/repository/com/amazonaws/aws-java-sdk-elasticloadbalancingv2/1.11.163/aws-java-sdk-elasticloadbalancingv2-1.11.163.jar:/Users/johnwang/.m2/repository/com/amazonaws/aws-java-sdk-emr/1.11.163/aws-java-sdk-emr-1.11.163.jar:/Users/johnwang/.m2/repository/com/amazonaws/aws-java-sdk-elasticache/1.11.163/aws-java-sdk-elasticache-1.11.163.jar:/Users/johnwang/.m2/repository/com/amazonaws/aws-java-sdk-elastictranscoder/1.11.163/aws-java-sdk-elastictranscoder-1.11.163.jar:/Users/johnwang/.m2/repository/com/amazonaws/aws-java-sdk-ec2/1.11.163/aws-java-sdk-ec2-1.11.163.jar:/Users/johnwang/.m2/repository/com/amazonaws/aws-java-sdk-dynamodb/1.11.163/aws-java-sdk-dynamodb-1.11.163.jar:/Users/johnwang/.m2/repository/com/amazonaws/aws-java-sdk-sns/1.11.163/aws-java-sdk-sns-1.11.163.jar:/Users/johnwang/.m2/repository/com/amazonaws/aws-java-sdk-budgets/1.11.163/aws-java-sdk-budgets-1.11.163.jar:/Users/johnwang/.m2/repository/com/amazonaws/aws-java-sdk-cloudtrail/1.11.163/aws-java-sdk-cloudtrail-1.11.163.jar:/Users/johnwang/.m2/repository/com/amazonaws/aws-java-sdk-cloudwatch/1.11.163/aws-java-sdk-cloudwatch-1.11.163.jar:/Users/johnwang/.m2/repository/com/amazonaws/aws-java-sdk-logs/1.11.163/aws-java-sdk-logs-1.11.163.jar:/Users/johnwang/.m2/repository/com/amazonaws/aws-java-sdk-events/1.11.163/aws-java-sdk-events-1.11.163.jar:/Users/johnwang/.m2/repository/com/amazonaws/aws-java-sdk-cognitoidentity/1.11.163/aws-java-sdk-cognitoidentity-1.11.163.jar:/Users/johnwang/.m2/repository/com/amazonaws/aws-java-sdk-cognitosync/1.11.163/aws-java-sdk-cognitosync-1.11.163.jar:/Users/johnwang/.m2/repository/com/amazonaws/aws-java-sdk-directconnect/1.11.163/aws-java-sdk-directconnect-1.11.163.jar:/Users/johnwang/.m2/repository/com/amazonaws/aws-java-sdk-cloudformation/1.11.163/aws-java-sdk-cloudformation-1.11.163.jar:/Users/johnwang/.m2/repository/com/amazonaws/aws-java-sdk-cloudfront/1.11.163/aws-java-sdk-cloudfront-1.11.163.jar:/Users/johnwang/.m2/repository/com/amazonaws/aws-java-sdk-clouddirectory/1.11.163/aws-java-sdk-clouddirectory-1.11.163.jar:/Users/johnwang/.m2/repository/com/amazonaws/aws-java-sdk-kinesis/1.11.163/aws-java-sdk-kinesis-1.11.163.jar:/Users/johnwang/.m2/repository/com/amazonaws/aws-java-sdk-opsworks/1.11.163/aws-java-sdk-opsworks-1.11.163.jar:/Users/johnwang/.m2/repository/com/amazonaws/aws-java-sdk-ses/1.11.163/aws-java-sdk-ses-1.11.163.jar:/Users/johnwang/.m2/repository/com/amazonaws/aws-java-sdk-autoscaling/1.11.163/aws-java-sdk-autoscaling-1.11.163.jar:/Users/johnwang/.m2/repository/com/amazonaws/aws-java-sdk-cloudsearch/1.11.163/aws-java-sdk-cloudsearch-1.11.163.jar:/Users/johnwang/.m2/repository/com/amazonaws/aws-java-sdk-cloudwatchmetrics/1.11.163/aws-java-sdk-cloudwatchmetrics-1.11.163.jar:/Users/johnwang/.m2/repository/com/amazonaws/aws-java-sdk-codedeploy/1.11.163/aws-java-sdk-codedeploy-1.11.163.jar:/Users/johnwang/.m2/repository/com/amazonaws/aws-java-sdk-codepipeline/1.11.163/aws-java-sdk-codepipeline-1.11.163.jar:/Users/johnwang/.m2/repository/com/amazonaws/aws-java-sdk-kms/1.11.163/aws-java-sdk-kms-1.11.163.jar:/Users/johnwang/.m2/repository/com/amazonaws/aws-java-sdk-config/1.11.163/aws-java-sdk-config-1.11.163.jar:/Users/johnwang/.m2/repository/com/amazonaws/aws-java-sdk-lambda/1.11.163/aws-java-sdk-lambda-1.11.163.jar:/Users/johnwang/.m2/repository/com/amazonaws/aws-java-sdk-ecs/1.11.163/aws-java-sdk-ecs-1.11.163.jar:/Users/johnwang/.m2/repository/com/amazonaws/aws-java-sdk-ecr/1.11.163/aws-java-sdk-ecr-1.11.163.jar:/Users/johnwang/.m2/repository/com/amazonaws/aws-java-sdk-cloudhsm/1.11.163/aws-java-sdk-cloudhsm-1.11.163.jar:/Users/johnwang/.m2/repository/com/amazonaws/aws-java-sdk-ssm/1.11.163/aws-java-sdk-ssm-1.11.163.jar:/Users/johnwang/.m2/repository/com/amazonaws/aws-java-sdk-workspaces/1.11.163/aws-java-sdk-workspaces-1.11.163.jar:/Users/johnwang/.m2/repository/com/amazonaws/aws-java-sdk-machinelearning/1.11.163/aws-java-sdk-machinelearning-1.11.163.jar:/Users/johnwang/.m2/repository/com/amazonaws/aws-java-sdk-directory/1.11.163/aws-java-sdk-directory-1.11.163.jar:/Users/johnwang/.m2/repository/com/amazonaws/aws-java-sdk-efs/1.11.163/aws-java-sdk-efs-1.11.163.jar:/Users/johnwang/.m2/repository/com/amazonaws/aws-java-sdk-codecommit/1.11.163/aws-java-sdk-codecommit-1.11.163.jar:/Users/johnwang/.m2/repository/com/amazonaws/aws-java-sdk-devicefarm/1.11.163/aws-java-sdk-devicefarm-1.11.163.jar:/Users/johnwang/.m2/repository/com/amazonaws/aws-java-sdk-elasticsearch/1.11.163/aws-java-sdk-elasticsearch-1.11.163.jar:/Users/johnwang/.m2/repository/com/amazonaws/aws-java-sdk-waf/1.11.163/aws-java-sdk-waf-1.11.163.jar:/Users/johnwang/.m2/repository/com/amazonaws/aws-java-sdk-marketplacecommerceanalytics/1.11.163/aws-java-sdk-marketplacecommerceanalytics-1.11.163.jar:/Users/johnwang/.m2/repository/com/amazonaws/aws-java-sdk-inspector/1.11.163/aws-java-sdk-inspector-1.11.163.jar:/Users/johnwang/.m2/repository/com/amazonaws/aws-java-sdk-iot/1.11.163/aws-java-sdk-iot-1.11.163.jar:/Users/johnwang/.m2/repository/com/amazonaws/aws-java-sdk-api-gateway/1.11.163/aws-java-sdk-api-gateway-1.11.163.jar:/Users/johnwang/.m2/repository/com/amazonaws/aws-java-sdk-acm/1.11.163/aws-java-sdk-acm-1.11.163.jar:/Users/johnwang/.m2/repository/com/amazonaws/aws-java-sdk-gamelift/1.11.163/aws-java-sdk-gamelift-1.11.163.jar:/Users/johnwang/.m2/repository/com/amazonaws/aws-java-sdk-dms/1.11.163/aws-java-sdk-dms-1.11.163.jar:/Users/johnwang/.m2/repository/com/amazonaws/aws-java-sdk-marketplacemeteringservice/1.11.163/aws-java-sdk-marketplacemeteringservice-1.11.163.jar:/Users/johnwang/.m2/repository/com/amazonaws/aws-java-sdk-cognitoidp/1.11.163/aws-java-sdk-cognitoidp-1.11.163.jar:/Users/johnwang/.m2/repository/com/amazonaws/aws-java-sdk-discovery/1.11.163/aws-java-sdk-discovery-1.11.163.jar:/Users/johnwang/.m2/repository/com/amazonaws/aws-java-sdk-applicationautoscaling/1.11.163/aws-java-sdk-applicationautoscaling-1.11.163.jar:/Users/johnwang/.m2/repository/com/amazonaws/aws-java-sdk-snowball/1.11.163/aws-java-sdk-snowball-1.11.163.jar:/Users/johnwang/.m2/repository/com/amazonaws/aws-java-sdk-rekognition/1.11.163/aws-java-sdk-rekognition-1.11.163.jar:/Users/johnwang/.m2/repository/com/amazonaws/aws-java-sdk-polly/1.11.163/aws-java-sdk-polly-1.11.163.jar:/Users/johnwang/.m2/repository/com/amazonaws/aws-java-sdk-lightsail/1.11.163/aws-java-sdk-lightsail-1.11.163.jar:/Users/johnwang/.m2/repository/com/amazonaws/aws-java-sdk-stepfunctions/1.11.163/aws-java-sdk-stepfunctions-1.11.163.jar:/Users/johnwang/.m2/repository/com/amazonaws/aws-java-sdk-health/1.11.163/aws-java-sdk-health-1.11.163.jar:/Users/johnwang/.m2/repository/com/amazonaws/aws-java-sdk-costandusagereport/1.11.163/aws-java-sdk-costandusagereport-1.11.163.jar:/Users/johnwang/.m2/repository/com/amazonaws/aws-java-sdk-codebuild/1.11.163/aws-java-sdk-codebuild-1.11.163.jar:/Users/johnwang/.m2/repository/com/amazonaws/aws-java-sdk-appstream/1.11.163/aws-java-sdk-appstream-1.11.163.jar:/Users/johnwang/.m2/repository/com/amazonaws/aws-java-sdk-shield/1.11.163/aws-java-sdk-shield-1.11.163.jar:/Users/johnwang/.m2/repository/com/amazonaws/aws-java-sdk-batch/1.11.163/aws-java-sdk-batch-1.11.163.jar:/Users/johnwang/.m2/repository/com/amazonaws/aws-java-sdk-lex/1.11.163/aws-java-sdk-lex-1.11.163.jar:/Users/johnwang/.m2/repository/com/amazonaws/aws-java-sdk-mechanicalturkrequester/1.11.163/aws-java-sdk-mechanicalturkrequester-1.11.163.jar:/Users/johnwang/.m2/repository/com/amazonaws/aws-java-sdk-organizations/1.11.163/aws-java-sdk-organizations-1.11.163.jar:/Users/johnwang/.m2/repository/com/amazonaws/aws-java-sdk-workdocs/1.11.163/aws-java-sdk-workdocs-1.11.163.jar:/Users/johnwang/.m2/repository/com/amazonaws/aws-java-sdk-core/1.11.163/aws-java-sdk-core-1.11.163.jar:/Users/johnwang/.m2/repository/commons-logging/commons-logging/1.1.3/commons-logging-1.1.3.jar:/Users/johnwang/.m2/repository/org/apache/httpcomponents/httpclient/4.5.2/httpclient-4.5.2.jar:/Users/johnwang/.m2/repository/org/apache/httpcomponents/httpcore/4.4.4/httpcore-4.4.4.jar:/Users/johnwang/.m2/repository/commons-codec/commons-codec/1.9/commons-codec-1.9.jar:/Users/johnwang/.m2/repository/software/amazon/ion/ion-java/1.0.2/ion-java-1.0.2.jar:/Users/johnwang/.m2/repository/com/fasterxml/jackson/core/jackson-databind/2.6.7.1/jackson-databind-2.6.7.1.jar:/Users/johnwang/.m2/repository/com/fasterxml/jackson/core/jackson-annotations/2.6.0/jackson-annotations-2.6.0.jar:/Users/johnwang/.m2/repository/com/fasterxml/jackson/core/jackson-core/2.6.7/jackson-core-2.6.7.jar:/Users/johnwang/.m2/repository/com/fasterxml/jackson/dataformat/jackson-dataformat-cbor/2.6.7/jackson-dataformat-cbor-2.6.7.jar:/Users/johnwang/.m2/repository/joda-time/joda-time/2.8.1/joda-time-2.8.1.jar:/Users/johnwang/.m2/repository/com/amazonaws/aws-java-sdk-models/1.11.163/aws-java-sdk-models-1.11.163.jar:/Users/johnwang/.m2/repository/com/amazonaws/aws-java-sdk-swf-libraries/1.11.22/aws-java-sdk-swf-libraries-1.11.22.jar:/Users/johnwang/.m2/repository/commons-io/commons-io/2.5/commons-io-2.5.jar:/Users/johnwang/.m2/repository/net/sourceforge/cobertura/cobertura/2.0.3/cobertura-2.0.3.jar:/Users/johnwang/.m2/repository/org/ow2/asm/asm/4.1/asm-4.1.jar:/Users/johnwang/.m2/repository/org/ow2/asm/asm-tree/4.1/asm-tree-4.1.jar:/Users/johnwang/.m2/repository/org/ow2/asm/asm-commons/4.1/asm-commons-4.1.jar:/Users/johnwang/.m2/repository/org/ow2/asm/asm-util/4.1/asm-util-4.1.jar:/Users/johnwang/.m2/repository/org/ow2/asm/asm-analysis/4.1/asm-analysis-4.1.jar:/Users/johnwang/.m2/repository/jaxen/jaxen/1.1-beta-8/jaxen-1.1-beta-8.jar:/Users/johnwang/.m2/repository/dom4j/dom4j/1.6.1/dom4j-1.6.1.jar:/Users/johnwang/.m2/repository/xml-apis/xml-apis/1.0.b2/xml-apis-1.0.b2.jar:/Users/johnwang/.m2/repository/jdom/jdom/1.0/jdom-1.0.jar:/Users/johnwang/.m2/repository/xerces/xmlParserAPIs/2.6.2/xmlParserAPIs-2.6.2.jar:/Users/johnwang/.m2/repository/xerces/xercesImpl/2.6.2/xercesImpl-2.6.2.jar:/Users/johnwang/.m2/repository/xom/xom/1.0b3/xom-1.0b3.jar:/Users/johnwang/.m2/repository/com/ibm/icu/icu4j/2.6.1/icu4j-2.6.1.jar:/Users/johnwang/.m2/repository/xalan/xalan/2.6.0/xalan-2.6.0.jar:/Users/johnwang/.m2/repository/org/ccil/cowan/tagsoup/tagsoup/0.9.7/tagsoup-0.9.7.jar:/Users/johnwang/.m2/repository/org/apache/ant/ant/1.8.3/ant-1.8.3.jar:/Users/johnwang/.m2/repository/org/apache/ant/ant-launcher/1.8.3/ant-launcher-1.8.3.jar:/Users/johnwang/.m2/repository/org/mortbay/jetty/servlet-api-2.5/6.1.14/servlet-api-2.5-6.1.14.jar:/Users/johnwang/.m2/repository/org/mortbay/jetty/jetty/6.1.14/jetty-6.1.14.jar:/Users/johnwang/.m2/repository/org/mortbay/jetty/jetty-util/6.1.14/jetty-util-6.1.14.jar:/Users/johnwang/anaconda3/jre/../lib/tools.jar:"/>
    <property name="sun.cpu.endian" value="little"/>
    <property name="user.home" value="/Users/johnwang"/>
    <property name="user.language" value="en"/>
    <property name="java.specification.vendor" value="Oracle Corporation"/>
    <property name="java.home" value="/Users/johnwang/anaconda3/jre"/>
    <property name="basedir" value="/Users/johnwang/Documents/workspace/DropboxApp"/>
    <property name="file.separator" value="/"/>
    <property name="line.separator" value="&#10;"/>
    <property name="java.vm.specification.vendor" value="Oracle Corporation"/>
    <property name="java.specification.name" value="Java Platform API Specification"/>
    <property name="java.awt.graphicsenv" value="sun.awt.CGraphicsEnvironment"/>
    <property name="sun.boot.class.path" value="/Users/johnwang/anaconda3/jre/lib/resources.jar:/Users/johnwang/anaconda3/jre/lib/rt.jar:/Users/johnwang/anaconda3/jre/lib/sunrsasign.jar:/Users/johnwang/anaconda3/jre/lib/jsse.jar:/Users/johnwang/anaconda3/jre/lib/jce.jar:/Users/johnwang/anaconda3/jre/lib/charsets.jar:/Users/johnwang/anaconda3/jre/lib/jfr.jar:/Users/johnwang/anaconda3/jre/classes"/>
    <property name="sun.management.compiler" value="HotSpot 64-Bit Tiered Compilers"/>
    <property name="ftp.nonProxyHosts" value="local|*.local|169.254/16|*.169.254/16"/>
    <property name="java.runtime.version" value="1.8.0_92-b15"/>
    <property name="user.name" value="johnwang"/>
    <property name="path.separator" value=":"/>
    <property name="os.version" value="10.11.6"/>
    <property name="java.endorsed.dirs" value="/Users/johnwang/anaconda3/jre/lib/endorsed"/>
    <property name="java.runtime.name" value="OpenJDK Runtime Environment"/>
    <property name="file.encoding" value="UTF-8"/>
    <property name="java.vm.name" value="OpenJDK 64-Bit Server VM"/>
    <property name="localRepository" value="/Users/johnwang/.m2/repository"/>
    <property name="java.vendor.url.bug" value="http://www.azulsystems.com/support/"/>
    <property name="java.io.tmpdir" value="/var/folders/05/syv37_8x00q7lj92x0rb4fnr0000gn/T/"/>
    <property name="java.version" value="1.8.0_92"/>
    <property name="user.dir" value="/Users/johnwang/Documents/workspace/DropboxApp"/>
    <property name="os.arch" value="x86_64"/>
    <property name="java.vm.specification.name" value="Java Virtual Machine Specification"/>
    <property name="java.awt.printerjob" value="sun.lwawt.macosx.CPrinterJob"/>
    <property name="sun.os.patch.level" value="unknown"/>
    <property name="java.library.path" value="/Users/johnwang/Library/Java/Extensions:/Library/Java/Extensions:/Network/Library/Java/Extensions:/System/Library/Java/Extensions:/usr/lib/java:."/>
    <property name="java.vm.info" value="mixed mode"/>
    <property name="java.vendor" value="Azul Systems, Inc."/>
    <property name="java.vm.version" value="25.92-b15"/>
    <property name="java.ext.dirs" value="/Users/johnwang/Library/Java/Extensions:/Users/johnwang/anaconda3/jre/lib/ext:/Library/Java/Extensions:/Network/Library/Java/Extensions:/System/Library/Java/Extensions:/usr/lib/java"/>
    <property name="sun.io.unicode.encoding" value="UnicodeBig"/>
    <property name="java.class.version" value="52.0"/>
    <property name="socksNonProxyHosts" value="local|*.local|169.254/16|*.169.254/16"/>
  </properties>
  <testcase name="whenVerifyingUploadFile_thenCorrect" classname="com.cs5850.programming.Assignment1.DropboxApp.AWSS3ServiceTest" time="0.848"/>
  <testcase name="testEnv" classname="com.cs5850.programming.Assignment1.DropboxApp.AWSS3ServiceTest" time="0.001"/>
  <testcase name="whenVerifyListBuckets_thenCorrect" classname="com.cs5850.programming.Assignment1.DropboxApp.AWSS3ServiceTest" time="0.001"/>
  <testcase name="whenVerifyingListObjects_thenCorrect" classname="com.cs5850.programming.Assignment1.DropboxApp.AWSS3ServiceTest" time="0"/>
  <testcase name="whenVerifyingDeleteObject_thenCorrect" classname="com.cs5850.programming.Assignment1.DropboxApp.AWSS3ServiceTest" time="0.001"/>
  <testcase name="whenInitializingAWSS3Service_thenNotNull" classname="com.cs5850.programming.Assignment1.DropboxApp.AWSS3ServiceTest" time="0.559"/>
  <testcase name="whenVerifyingDeleteFile_thenCorrect" classname="com.cs5850.programming.Assignment1.DropboxApp.AWSS3ServiceTest" time="0"/>
  <testcase name="testS3BucketExit" classname="com.cs5850.programming.Assignment1.DropboxApp.AWSS3ServiceTest" time="0.001"/>
  <testcase name="whenDeletingBucket_thenCorrect" classname="com.cs5850.programming.Assignment1.DropboxApp.AWSS3ServiceTest" time="0"/>
  <testcase name="testCreationOfS3Bucket" classname="com.cs5850.programming.Assignment1.DropboxApp.AWSS3ServiceTest" time="0.001"/>
  <testcase name="whenVerifyingPutObject_thenCorrect" classname="com.cs5850.programming.Assignment1.DropboxApp.AWSS3ServiceTest" time="0.001"/>
  <testcase name="whenVerifyingGetObject_thenCorrect" classname="com.cs5850.programming.Assignment1.DropboxApp.AWSS3ServiceTest" time="0"/>
</testsuite>